app/build/intermediates/manifest_merge_blame_file/debug/manifest-merger-blame-debug-report.txt
1<?xml version="1.0" encoding="utf-8"?>
2<manifest xmlns:android="http://schemas.android.com/apk/res/android"
3    package="saber.bjeoui.mobile_dev_challenge"
4    android:versionCode="1"
5    android:versionName="1.0" >
6
7    <uses-sdk
8        android:minSdkVersion="16"
8-->src/main/AndroidManifest.xml
9        android:targetSdkVersion="29" />
9-->src/main/AndroidManifest.xml
10
11    <application
11-->src/main/AndroidManifest.xml:5:5-26:19
12        android:name="androidx.multidex.MultiDexApplication"
13        android:allowBackup="true"
13-->src/main/AndroidManifest.xml:6:9-35
14        android:appComponentFactory="androidx.core.app.CoreComponentFactory"
14-->[androidx.core:core:1.2.0] AndroidManifest.xml:24:18-86
15        android:debuggable="true"
16        android:icon="@mipmap/ic_launcher"
16-->src/main/AndroidManifest.xml:7:9-43
17        android:label="@string/app_name"
17-->src/main/AndroidManifest.xml:8:9-41
18        android:roundIcon="@mipmap/ic_launcher_round"
18-->src/main/AndroidManifest.xml:9:9-54
19        android:supportsRtl="true"
19-->src/main/AndroidManifest.xml:10:9-35
20        android:testOnly="true"
21        android:theme="@style/Theme.MobileDevChallenge" >
21-->src/main/AndroidManifest.xml:11:9-56
22        <activity
22-->src/main/AndroidManifest.xml:13:9-22:20
23            android:name="saber.bjeoui.mobile_dev_challenge.MainActivity"
23-->src/main/AndroidManifest.xml:14:13-41
24            android:screenOrientation="portrait"
24-->src/main/AndroidManifest.xml:16:13-49
25            android:theme="@style/Theme.MainScreen" >
25-->src/main/AndroidManifest.xml:15:13-52
26            <intent-filter>
26-->src/main/AndroidManifest.xml:17:13-21:29
27                <action android:name="android.intent.action.MAIN" />
27-->src/main/AndroidManifest.xml:18:17-69
27-->src/main/AndroidManifest.xml:18:25-66
28
29                <category android:name="android.intent.category.LAUNCHER" />
29-->src/main/AndroidManifest.xml:20:17-77
29-->src/main/AndroidManifest.xml:20:27-74
30            </intent-filter>
31        </activity>
32        <activity
32-->src/main/AndroidManifest.xml:23:9-25:64
33            android:name="saber.bjeoui.mobile_dev_challenge.HomeScreen"
33-->src/main/AndroidManifest.xml:24:13-39
34            android:theme="@style/Theme.MainScreen" />
34-->src/main/AndroidManifest.xml:25:13-52
35    </application>
36
37</manifest>